<?xml version="1.0" encoding="UTF-8"?>
<!-- Generated by org.testng.reporters.JUnitXMLReporter -->
<testsuite ignored="2" hostname="Geetha" failures="1" tests="1" name="chormeTest" time="3.208" errors="0" timestamp="2023-06-10T19:43:54 PDT">
  <testcase classname="com.automation.testscripts.POMAutomationScripts" name="Success_login_RememberMe_TestScript_03" time="0.22">
    <failure type="java.lang.NullPointerException" message="Cannot invoke &amp;quot;org.apache.logging.log4j.Logger.info(String)&amp;quot; because &amp;quot;this.log&amp;quot; is null">
      <![CDATA[java.lang.NullPointerException: Cannot invoke "org.apache.logging.log4j.Logger.info(String)" because "this.log" is null
at com.automation.pages.base.POMBasePage.enterText(POMBasePage.java:40)
at com.automation.pages.login.LoginPage.enterUserName(LoginPage.java:32)
at com.automation.testscripts.POMAutomationScripts.Success_login_RememberMe_TestScript_03(POMAutomationScripts.java:87)
at java.base/java.util.ArrayList.forEach(ArrayList.java:1511)
... Removed 27 stack frames]]>
    </failure>
  </testcase> <!-- Success_login_RememberMe_TestScript_03 -->
  <testcase classname="com.automation.testscripts.POMAutomationScripts" name="Login_Error_Message_TestScript_01" time="0.0">
    <ignored/>
  </testcase> <!-- Login_Error_Message_TestScript_01 -->
  <testcase classname="com.automation.testscripts.POMAutomationScripts" name="Success_login_TestScript_02" time="0.0">
    <ignored/>
  </testcase> <!-- Success_login_TestScript_02 -->
</testsuite> <!-- chormeTest -->
